Ray worker pid: 27776
This function is allowed to use GPUs [].
not enough experience yet
not enough experience yet
not enough experience yet
not enough experience yet
not enough experience yet
not enough experience yet
not enough experience yet
not enough experience yet
not enough experience yet
not enough experience yet
not enough experience yet
not enough experience yet
not enough experience yet
not enough experience yet
not enough experience yet
not enough experience yet
not enough experience yet
not enough experience yet
not enough experience yet
not enough experience yet
not enough experience yet
not enough experience yet
not enough experience yet
not enough experience yet
not enough experience yet
not enough experience yet
not enough experience yet
not enough experience yet
not enough experience yet
not enough experience yet
not enough experience yet
not enough experience yet
not enough experience yet
not enough experience yet
not enough experience yet
not enough experience yet
not enough experience yet
not enough experience yet
not enough experience yet
not enough experience yet
not enough experience yet
not enough experience yet
not enough experience yet
not enough experience yet
not enough experience yet
not enough experience yet
not enough experience yet
not enough experience yet
not enough experience yet
optimizing at timestep 513 | time = 0.26452159881591797 | replay size = 524 | episode count = 31 | update count = 2 
optimizing at timestep 533 | time = 0.08826541900634766 | replay size = 539 | episode count = 32 | update count = 4 
optimizing at timestep 553 | time = 0.1195075511932373 | replay size = 560 | episode count = 33 | update count = 6 
optimizing at timestep 574 | time = 0.7695648670196533 | replay size = 589 | episode count = 33 | update count = 8 
optimizing at timestep 596 | time = 0.31164026260375977 | replay size = 606 | episode count = 37 | update count = 10 
optimizing at timestep 620 | time = 0.1884620189666748 | replay size = 649 | episode count = 37 | update count = 12 
optimizing at timestep 644 | time = 0.19325780868530273 | replay size = 661 | episode count = 37 | update count = 14 
optimizing at timestep 666 | time = 0.9684138298034668 | replay size = 685 | episode count = 41 | update count = 16 
optimizing at timestep 688 | time = 0.11552929878234863 | replay size = 693 | episode count = 41 | update count = 18 
env variable doesn't exist
loading model file: /home/beast/srikar/apex/cassie/cassiemujoco/cassie.xml
