Ray worker pid: 27737
Exception in user code:
------------------------------------------------------------
[32;1mLogging data to ./logs/apex/experiments/ef738274e7/seed1.log[0m
Created replay buffer with size 10000000.0
Exception in user code:
------------------------------------------------------------
Exception in user code:
------------------------------------------------------------
Exception in user code:
------------------------------------------------------------
Exception in user code:
------------------------------------------------------------
Exception in user code:
------------------------------------------------------------
Exception in user code:
------------------------------------------------------------
Exception in user code:
------------------------------------------------------------
Exception in user code:
------------------------------------------------------------
Exception in user code:
------------------------------------------------------------
Exception in user code:
------------------------------------------------------------
Exception in user code:
------------------------------------------------------------
Exception in user code:
------------------------------------------------------------
Exception in user code:
------------------------------------------------------------
Exception in user code:
------------------------------------------------------------
Exception in user code:
------------------------------------------------------------
Exception in user code:
------------------------------------------------------------
Exception in user code:
------------------------------------------------------------
Exception in user code:
------------------------------------------------------------
Exception in user code:
------------------------------------------------------------
Exception in user code:
------------------------------------------------------------
Exception in user code:
------------------------------------------------------------
Exception in user code:
------------------------------------------------------------
Exception in user code:
------------------------------------------------------------
Exception in user code:
------------------------------------------------------------
Exception in user code:
------------------------------------------------------------
Exception in user code:
------------------------------------------------------------
Exception in user code:
------------------------------------------------------------
Exception in user code:
------------------------------------------------------------
Exception in user code:
------------------------------------------------------------
Exception in user code:
------------------------------------------------------------
Exception in user code:
------------------------------------------------------------
Exception in user code:
------------------------------------------------------------
Exception in user code:
------------------------------------------------------------
Exception in user code:
------------------------------------------------------------
Exception in user code:
------------------------------------------------------------
Exception in user code:
------------------------------------------------------------
Exception in user code:
------------------------------------------------------------
Exception in user code:
------------------------------------------------------------
Exception in user code:
------------------------------------------------------------
Exception in user code:
------------------------------------------------------------
Exception in user code:
------------------------------------------------------------
Exception in user code:
------------------------------------------------------------
Exception in user code:
------------------------------------------------------------
Exception in user code:
------------------------------------------------------------
