Ray worker pid: 31444
[32;1mLogging data to ./logs/apex/experiments/e19cf35ffc/seed1.log[0m
Created replay buffer with size 10000000.0
-------------------------------------
|    Agent Return |             140 |
-------------------------------------
-------------------------------------
|    Agent Return |             174 |
-------------------------------------
-------------------------------------
|    Agent Return |             128 |
-------------------------------------
-------------------------------------
|    Agent Return |             168 |
-------------------------------------
-------------------------------------
|    Agent Return |             123 |
-------------------------------------
-------------------------------------
|    Agent Return |             120 |
-------------------------------------
-------------------------------------
|    Agent Return |             110 |
-------------------------------------
-------------------------------------
|    Agent Return |             128 |
-------------------------------------
-------------------------------------
|    Agent Return |             140 |
-------------------------------------
-------------------------------------
|    Agent Return |             119 |
-------------------------------------
-------------------------------------
|    Agent Return |             132 |
-------------------------------------
-------------------------------------
|    Agent Return |             165 |
-------------------------------------
