Ray worker pid: 47191
/home/beast/anaconda3/envs/srikar/lib/python3.6/site-packages/numpy/core/fromnumeric.py:3118: RuntimeWarning: Mean of empty slice.
  out=out, **kwargs)
/home/beast/anaconda3/envs/srikar/lib/python3.6/site-packages/numpy/core/_methods.py:85: RuntimeWarning: invalid value encountered in double_scalars
  ret = ret.dtype.type(ret / rcount)
Traceback (most recent call last):
  File "/home/beast/anaconda3/envs/srikar/lib/python3.6/site-packages/ray/workers/default_worker.py", line 98, in <module>
    ray.worker.global_worker.main_loop()
  File "/home/beast/anaconda3/envs/srikar/lib/python3.6/site-packages/ray/worker.py", line 1052, in main_loop
    self._wait_for_and_process_task(task)
  File "/home/beast/anaconda3/envs/srikar/lib/python3.6/site-packages/ray/worker.py", line 1003, in _wait_for_and_process_task
    self._process_task(task, execution_info)
  File "/home/beast/anaconda3/envs/srikar/lib/python3.6/site-packages/ray/worker.py", line 908, in _process_task
    self.actors[key], *arguments)
  File "/home/beast/anaconda3/envs/srikar/lib/python3.6/site-packages/ray/function_manager.py", line 792, in actor_method_executor
    method_returns = method(actor, *args)
  File "/home/beast/srikar/apex/rl/algos/td3.py", line 197, in collect_experience
    self.memory_id.add.remote(transition)
  File "/home/beast/anaconda3/envs/srikar/lib/python3.6/site-packages/ray/actor.py", line 148, in remote
    return self._remote(args, kwargs)
  File "/home/beast/anaconda3/envs/srikar/lib/python3.6/site-packages/ray/actor.py", line 169, in _remote
    return invocation(args, kwargs)
  File "/home/beast/anaconda3/envs/srikar/lib/python3.6/site-packages/ray/actor.py", line 163, in invocation
    num_return_vals=num_return_vals)
  File "/home/beast/anaconda3/envs/srikar/lib/python3.6/site-packages/ray/actor.py", line 552, in _actor_method_call
    job_id=self._ray_actor_job_id,
  File "/home/beast/anaconda3/envs/srikar/lib/python3.6/site-packages/ray/worker.py", line 701, in submit_task
    self.raylet_client.submit_task(task)
KeyboardInterrupt
