WARNING: Logging before InitGoogleLogging() is written to STDERR
W0813 11:41:46.889386 38675 stats.h:50] Failed to create the Prometheus exporter. This doesn't affect anything except stats. Caused by: null context when constructing CivetServer. Possible problem binding to port.
I0813 11:41:46.892205 38675 grpc_server.cc:26] object_manager server started, listening on port 43299.
I0813 11:41:46.927587 38675 grpc_server.cc:26] NodeManager server started, listening on port 33289.
Traceback (most recent call last):
  File "/home/beast/anaconda3/envs/srikar/lib/python3.6/site-packages/ray/workers/default_worker.py", line 8, in <module>
    import ray
  File "/home/beast/anaconda3/envs/srikar/lib/python3.6/site-packages/ray/__init__.py", line 155, in <module>
    if hasattr(ctypes, "windll"):
KeyboardInterrupt
Traceback (most recent call last):
  File "/home/beast/anaconda3/envs/srikar/lib/python3.6/site-packages/ray/workers/default_worker.py", line 8, in <module>
    import ray
  File "/home/beast/anaconda3/envs/srikar/lib/python3.6/site-packages/ray/__init__.py", line 73, in <module>
    from ray.worker import (
  File "/home/beast/anaconda3/envs/srikar/lib/python3.6/site-packages/ray/worker.py", line 52, in <module>
    from ray.exceptions import (
  File "/home/beast/anaconda3/envs/srikar/lib/python3.6/site-packages/ray/exceptions.py", line 62, in <module>
    class RayWorkerError(RayError):
KeyboardInterrupt
Traceback (most recent call last):
  File "/home/beast/anaconda3/envs/srikar/lib/python3.6/site-packages/ray/workers/default_worker.py", line 84, in <module>
    ray.worker.connect(node, mode=ray.WORKER_MODE)
  File "/home/beast/anaconda3/envs/srikar/lib/python3.6/site-packages/ray/worker.py", line 1756, in connect
    ray.services.check_version_info(worker.redis_client)
  File "/home/beast/anaconda3/envs/srikar/lib/python3.6/site-packages/ray/services.py", line 482, in check_version_info
    true_version_info = tuple(json.loads(ray.utils.decode(redis_reply)))
  File "/home/beast/anaconda3/envs/srikar/lib/python3.6/json/__init__.py", line 302, in loads
    def loads(s, *, encoding=None, cls=None, object_hook=None, parse_float=None,
KeyboardInterrupt
Traceback (most recent call last):
  File "/home/beast/anaconda3/envs/srikar/lib/python3.6/site-packages/ray/workers/default_worker.py", line 8, in <module>
    import ray
  File "/home/beast/anaconda3/envs/srikar/lib/python3.6/site-packages/ray/__init__.py", line 73, in <module>
    from ray.worker import (
  File "/home/beast/anaconda3/envs/srikar/lib/python3.6/site-packages/ray/worker.py", line 29, in <module>
    import ray.memory_monitor as memory_monitor
  File "/home/beast/anaconda3/envs/srikar/lib/python3.6/site-packages/ray/memory_monitor.py", line 10, in <module>
    import psutil
  File "/home/beast/anaconda3/envs/srikar/lib/python3.6/site-packages/psutil/__init__.py", line 41, in <module>
    from . import _common
  File "/home/beast/anaconda3/envs/srikar/lib/python3.6/site-packages/psutil/_common.py", line 220, in <module>
    'read_bytes', 'write_bytes'])
  File "/home/beast/anaconda3/envs/srikar/lib/python3.6/collections/__init__.py", line 429, in namedtuple
    exec(class_definition, namespace)
  File "<string>", line 1, in <module>
KeyboardInterrupt
Traceback (most recent call last):
  File "/home/beast/anaconda3/envs/srikar/lib/python3.6/site-packages/ray/workers/default_worker.py", line 8, in <module>
    import ray
  File "/home/beast/anaconda3/envs/srikar/lib/python3.6/site-packages/ray/__init__.py", line 73, in <module>
    from ray.worker import (
  File "/home/beast/anaconda3/envs/srikar/lib/python3.6/site-packages/ray/worker.py", line 29, in <module>
    import ray.memory_monitor as memory_monitor
  File "/home/beast/anaconda3/envs/srikar/lib/python3.6/site-packages/ray/memory_monitor.py", line 10, in <module>
    import psutil
  File "/home/beast/anaconda3/envs/srikar/lib/python3.6/site-packages/psutil/__init__.py", line 41, in <module>
    from . import _common
  File "/home/beast/anaconda3/envs/srikar/lib/python3.6/site-packages/psutil/_common.py", line 168, in <module>
    'sout'])
  File "/home/beast/anaconda3/envs/srikar/lib/python3.6/collections/__init__.py", line 421, in namedtuple
    for name in field_names),
  File "/home/beast/anaconda3/envs/srikar/lib/python3.6/collections/__init__.py", line 421, in <genexpr>
    for name in field_names),
KeyboardInterrupt
Traceback (most recent call last):
  File "/home/beast/anaconda3/envs/srikar/lib/python3.6/site-packages/ray/workers/default_worker.py", line 81, in <module>
    ray_params, head=False, shutdown_at_exit=False, connect_only=True)
  File "/home/beast/anaconda3/envs/srikar/lib/python3.6/site-packages/ray/node.py", line 104, in __init__
    self._init_temp(redis_client)
  File "/home/beast/anaconda3/envs/srikar/lib/python3.6/site-packages/ray/node.py", line 163, in _init_temp
    self._temp_dir = ray.utils.decode(redis_client.get("temp_dir"))
  File "/home/beast/anaconda3/envs/srikar/lib/python3.6/site-packages/redis/client.py", line 1264, in get
    return self.execute_command('GET', name)
  File "/home/beast/anaconda3/envs/srikar/lib/python3.6/site-packages/redis/client.py", line 774, in execute_command
    connection.send_command(*args)
  File "/home/beast/anaconda3/envs/srikar/lib/python3.6/site-packages/redis/connection.py", line 620, in send_command
    self.send_packed_command(self.pack_command(*args))
  File "/home/beast/anaconda3/envs/srikar/lib/python3.6/site-packages/redis/connection.py", line 600, in send_packed_command
    self._sock.sendall(item)
KeyboardInterrupt
Traceback (most recent call last):
  File "/home/beast/anaconda3/envs/srikar/lib/python3.6/site-packages/ray/workers/default_worker.py", line 8, in <module>
    import ray
  File "/home/beast/anaconda3/envs/srikar/lib/python3.6/site-packages/ray/__init__.py", line 73, in <module>
    from ray.worker import (
  File "/home/beast/anaconda3/envs/srikar/lib/python3.6/site-packages/ray/worker.py", line 29, in <module>
    import ray.memory_monitor as memory_monitor
  File "/home/beast/anaconda3/envs/srikar/lib/python3.6/site-packages/ray/memory_monitor.py", line 10, in <module>
    import psutil
  File "/home/beast/anaconda3/envs/srikar/lib/python3.6/site-packages/psutil/__init__.py", line 1739, in <module>
    _last_cpu_times = cpu_times()
  File "/home/beast/anaconda3/envs/srikar/lib/python3.6/site-packages/psutil/__init__.py", line 1733, in cpu_times
    return _psplatform.cpu_times()
  File "/home/beast/anaconda3/envs/srikar/lib/python3.6/site-packages/psutil/_pslinux.py", line 559, in cpu_times
    values = f.readline().split()
KeyboardInterrupt
Traceback (most recent call last):
  File "/home/beast/anaconda3/envs/srikar/lib/python3.6/site-packages/ray/workers/default_worker.py", line 8, in <module>
    import ray
  File "/home/beast/anaconda3/envs/srikar/lib/python3.6/site-packages/ray/__init__.py", line 73, in <module>
    from ray.worker import (
  File "/home/beast/anaconda3/envs/srikar/lib/python3.6/site-packages/ray/worker.py", line 29, in <module>
    import ray.memory_monitor as memory_monitor
  File "/home/beast/anaconda3/envs/srikar/lib/python3.6/site-packages/ray/memory_monitor.py", line 10, in <module>
    import psutil
  File "/home/beast/anaconda3/envs/srikar/lib/python3.6/site-packages/psutil/__init__.py", line 41, in <module>
    from . import _common
  File "/home/beast/anaconda3/envs/srikar/lib/python3.6/site-packages/psutil/_common.py", line 224, in <module>
    pctxsw = namedtuple('pctxsw', ['voluntary', 'involuntary'])
  File "/home/beast/anaconda3/envs/srikar/lib/python3.6/collections/__init__.py", line 429, in namedtuple
    exec(class_definition, namespace)
  File "<string>", line 1, in <module>
KeyboardInterrupt
Traceback (most recent call last):
  File "/home/beast/anaconda3/envs/srikar/lib/python3.6/site-packages/ray/workers/default_worker.py", line 8, in <module>
    import ray
  File "/home/beast/anaconda3/envs/srikar/lib/python3.6/site-packages/ray/__init__.py", line 73, in <module>
    from ray.worker import (
  File "/home/beast/anaconda3/envs/srikar/lib/python3.6/site-packages/ray/worker.py", line 33, in <module>
    import ray.remote_function
  File "/home/beast/anaconda3/envs/srikar/lib/python3.6/site-packages/ray/remote_function.py", line 10, in <module>
    import ray.signature
  File "/home/beast/anaconda3/envs/srikar/lib/python3.6/site-packages/ray/signature.py", line 6, in <module>
    import funcsigs
  File "/home/beast/anaconda3/envs/srikar/lib/python3.6/site-packages/funcsigs/__init__.py", line 218, in <module>
    class Parameter(object):
KeyboardInterrupt
Traceback (most recent call last):
  File "/home/beast/anaconda3/envs/srikar/lib/python3.6/site-packages/ray/workers/default_worker.py", line 8, in <module>
    import ray
  File "/home/beast/anaconda3/envs/srikar/lib/python3.6/site-packages/ray/__init__.py", line 52, in <module>
    from ray._raylet import (
  File "python/ray/_raylet.pyx", line 39, in init ray._raylet
  File "/home/beast/anaconda3/envs/srikar/lib/python3.6/site-packages/ray/utils.py", line 20, in <module>
    import ray.gcs_utils
  File "/home/beast/anaconda3/envs/srikar/lib/python3.6/site-packages/ray/gcs_utils.py", line 7, in <module>
    from ray.core.generated.gcs_pb2 import (
  File "/home/beast/anaconda3/envs/srikar/lib/python3.6/site-packages/ray/core/generated/gcs_pb2.py", line 7, in <module>
    from google.protobuf.internal import enum_type_wrapper
  File "/home/beast/anaconda3/envs/srikar/lib/python3.6/site-packages/google/protobuf/__init__.py", line 37, in <module>
    __import__('pkg_resources').declare_namespace(__name__)
  File "/home/beast/anaconda3/envs/srikar/lib/python3.6/site-packages/pkg_resources/__init__.py", line 3241, in <module>
    @_call_aside
  File "/home/beast/anaconda3/envs/srikar/lib/python3.6/site-packages/pkg_resources/__init__.py", line 3225, in _call_aside
    f(*args, **kwargs)
  File "/home/beast/anaconda3/envs/srikar/lib/python3.6/site-packages/pkg_resources/__init__.py", line 3254, in _initialize_master_working_set
    working_set = WorkingSet._build_master()
  File "/home/beast/anaconda3/envs/srikar/lib/python3.6/site-packages/pkg_resources/__init__.py", line 574, in _build_master
    ws = cls()
  File "/home/beast/anaconda3/envs/srikar/lib/python3.6/site-packages/pkg_resources/__init__.py", line 567, in __init__
    self.add_entry(entry)
  File "/home/beast/anaconda3/envs/srikar/lib/python3.6/site-packages/pkg_resources/__init__.py", line 624, in add_entry
    self.add(dist, entry, False)
  File "/home/beast/anaconda3/envs/srikar/lib/python3.6/site-packages/pkg_resources/__init__.py", line 708, in add
    self.by_key[dist.key] = dist
  File "/home/beast/anaconda3/envs/srikar/lib/python3.6/site-packages/pkg_resources/__init__.py", line 2631, in key
    return self._key
KeyboardInterrupt
Traceback (most recent call last):
  File "/home/beast/anaconda3/envs/srikar/lib/python3.6/site-packages/ray/workers/default_worker.py", line 8, in <module>
    import ray
  File "/home/beast/anaconda3/envs/srikar/lib/python3.6/site-packages/ray/__init__.py", line 73, in <module>
    from ray.worker import (
  File "/home/beast/anaconda3/envs/srikar/lib/python3.6/site-packages/ray/worker.py", line 26, in <module>
    import ray.experimental.signal as ray_signal
  File "/home/beast/anaconda3/envs/srikar/lib/python3.6/site-packages/ray/experimental/__init__.py", line 9, in <module>
    from .dynamic_resources import set_resource
  File "<frozen importlib._bootstrap>", line 971, in _find_and_load
  File "<frozen importlib._bootstrap>", line 955, in _find_and_load_unlocked
  File "<frozen importlib._bootstrap>", line 665, in _load_unlocked
  File "<frozen importlib._bootstrap_external>", line 674, in exec_module
  File "<frozen importlib._bootstrap_external>", line 779, in get_code
  File "<frozen importlib._bootstrap_external>", line 487, in _compile_bytecode
KeyboardInterrupt
Traceback (most recent call last):
  File "/home/beast/anaconda3/envs/srikar/lib/python3.6/site-packages/ray/workers/default_worker.py", line 8, in <module>
    import ray
  File "/home/beast/anaconda3/envs/srikar/lib/python3.6/site-packages/ray/__init__.py", line 52, in <module>
    from ray._raylet import (
  File "python/ray/_raylet.pyx", line 39, in init ray._raylet
  File "/home/beast/anaconda3/envs/srikar/lib/python3.6/site-packages/ray/utils.py", line 20, in <module>
    import ray.gcs_utils
  File "/home/beast/anaconda3/envs/srikar/lib/python3.6/site-packages/ray/gcs_utils.py", line 7, in <module>
    from ray.core.generated.gcs_pb2 import (
  File "/home/beast/anaconda3/envs/srikar/lib/python3.6/site-packages/ray/core/generated/gcs_pb2.py", line 7, in <module>
    from google.protobuf.internal import enum_type_wrapper
  File "/home/beast/anaconda3/envs/srikar/lib/python3.6/site-packages/google/protobuf/__init__.py", line 37, in <module>
    __import__('pkg_resources').declare_namespace(__name__)
  File "/home/beast/anaconda3/envs/srikar/lib/python3.6/site-packages/pkg_resources/__init__.py", line 84, in <module>
    __import__('pkg_resources.extern.packaging.requirements')
  File "/home/beast/anaconda3/envs/srikar/lib/python3.6/site-packages/pkg_resources/_vendor/packaging/requirements.py", line 9, in <module>
    from pkg_resources.extern.pyparsing import stringStart, stringEnd, originalTextFor, ParseException
  File "<frozen importlib._bootstrap>", line 971, in _find_and_load
  File "<frozen importlib._bootstrap>", line 955, in _find_and_load_unlocked
  File "<frozen importlib._bootstrap>", line 656, in _load_unlocked
  File "<frozen importlib._bootstrap>", line 626, in _load_backward_compatible
  File "/home/beast/anaconda3/envs/srikar/lib/python3.6/site-packages/pkg_resources/extern/__init__.py", line 43, in load_module
    __import__(extant)
  File "/home/beast/anaconda3/envs/srikar/lib/python3.6/site-packages/pkg_resources/_vendor/pyparsing.py", line 5399, in <module>
    class pyparsing_common:
  File "/home/beast/anaconda3/envs/srikar/lib/python3.6/site-packages/pkg_resources/_vendor/pyparsing.py", line 5639, in pyparsing_common
    iso8601_datetime = Regex(r'(?P<year>\d{4})-(?P<month>\d\d)-(?P<day>\d\d)[T ](?P<hour>\d\d):(?P<minute>\d\d)(:(?P<second>\d\d(\.\d*)?)?)?(?P<tz>Z|[+-]\d\d:?\d\d)?').setName("ISO8601 datetime")
  File "/home/beast/anaconda3/envs/srikar/lib/python3.6/site-packages/pkg_resources/_vendor/pyparsing.py", line 2792, in __init__
    self.re = re.compile(self.pattern, self.flags)
  File "/home/beast/anaconda3/envs/srikar/lib/python3.6/re.py", line 233, in compile
    return _compile(pattern, flags)
  File "/home/beast/anaconda3/envs/srikar/lib/python3.6/re.py", line 301, in _compile
    p = sre_compile.compile(pattern, flags)
  File "/home/beast/anaconda3/envs/srikar/lib/python3.6/sre_compile.py", line 562, in compile
    p = sre_parse.parse(p, flags)
  File "/home/beast/anaconda3/envs/srikar/lib/python3.6/sre_parse.py", line 855, in parse
    p = _parse_sub(source, pattern, flags & SRE_FLAG_VERBOSE, 0)
  File "/home/beast/anaconda3/envs/srikar/lib/python3.6/sre_parse.py", line 416, in _parse_sub
    not nested and not items))
  File "/home/beast/anaconda3/envs/srikar/lib/python3.6/sre_parse.py", line 765, in _parse
    p = _parse_sub(source, state, sub_verbose, nested + 1)
  File "/home/beast/anaconda3/envs/srikar/lib/python3.6/sre_parse.py", line 416, in _parse_sub
    not nested and not items))
  File "/home/beast/anaconda3/envs/srikar/lib/python3.6/sre_parse.py", line 503, in _parse
    subpatternappend(code)
KeyboardInterrupt
Traceback (most recent call last):
  File "/home/beast/anaconda3/envs/srikar/lib/python3.6/site-packages/ray/workers/default_worker.py", line 8, in <module>
    import ray
  File "/home/beast/anaconda3/envs/srikar/lib/python3.6/site-packages/ray/__init__.py", line 52, in <module>
    from ray._raylet import (
  File "python/ray/_raylet.pyx", line 39, in init ray._raylet
  File "/home/beast/anaconda3/envs/srikar/lib/python3.6/site-packages/ray/utils.py", line 20, in <module>
    import ray.gcs_utils
  File "/home/beast/anaconda3/envs/srikar/lib/python3.6/site-packages/ray/gcs_utils.py", line 7, in <module>
    from ray.core.generated.gcs_pb2 import (
  File "/home/beast/anaconda3/envs/srikar/lib/python3.6/site-packages/ray/core/generated/gcs_pb2.py", line 8, in <module>
    from google.protobuf import descriptor as _descriptor
  File "/home/beast/anaconda3/envs/srikar/lib/python3.6/site-packages/google/protobuf/descriptor.py", line 47, in <module>
    from google.protobuf.pyext import _message
  File "/home/beast/anaconda3/envs/srikar/lib/python3.6/abc.py", line 151, in register
    def register(cls, subclass):
KeyboardInterrupt
